\BOOKMARK [0][]{chapter*.6}{Table des sigles et acronymes}{}% 1
\BOOKMARK [0][]{chapter*.7}{Introduction}{}% 2
\BOOKMARK [-1][]{part.1}{I Work positioning}{}% 3
\BOOKMARK [0][]{chapter.1}{Machine Learning: state of the art}{part.1}% 4
\BOOKMARK [1][]{section.1.1}{Definition of a time series}{chapter.1}% 5
\BOOKMARK [1][]{section.1.2}{Machine Learning framework}{chapter.1}% 6
\BOOKMARK [1][]{section.1.3}{Machine Learning algorithms}{chapter.1}% 7
\BOOKMARK [1][]{section.1.4}{Conclusion of the chapter}{chapter.1}% 8
\BOOKMARK [0][]{chapter.2}{Time series metrics and Metric Learning}{part.1}% 9
\BOOKMARK [1][]{section.2.1}{Properties of a metric}{chapter.2}% 10
\BOOKMARK [1][]{section.2.2}{Unimodal metrics for time series}{chapter.2}% 11
\BOOKMARK [1][]{section.2.3}{Time series alignment and dynamic programming approach}{chapter.2}% 12
\BOOKMARK [1][]{section.2.4}{Multi-scale comparison}{chapter.2}% 13
\BOOKMARK [1][]{section.2.5}{Combined metrics for time series}{chapter.2}% 14
\BOOKMARK [1][]{section.2.6}{Metric Learning}{chapter.2}% 15
\BOOKMARK [1][]{section.2.7}{Conclusion of the chapter}{chapter.2}% 16
\BOOKMARK [-1][]{part.2}{II Metric Learning for time series from multiple modalities and multiple scales}{}% 17
\BOOKMARK [0][]{chapter.3}{Pairwise space and M2TML formalization}{part.2}% 18
\BOOKMARK [1][]{section.3.1}{Pairwise space representation}{chapter.3}% 19
\BOOKMARK [1][]{section.3.2}{M2TML: LP optimization problem}{chapter.3}% 20
\BOOKMARK [1][]{section.3.3}{M2TML: QP optimization problem}{chapter.3}% 21
\BOOKMARK [1][]{section.3.4}{M2TML: SVM approximation}{chapter.3}% 22
\BOOKMARK [0][]{chapter.4}{M2TML: implementation}{part.2}% 23
\BOOKMARK [1][]{section.4.1}{Projection in the pairwise space}{chapter.4}% 24
\BOOKMARK [1][]{section.4.2}{M-NN M-diff strategy}{chapter.4}% 25
\BOOKMARK [1][]{section.4.3}{Radius normalization}{chapter.4}% 26
\BOOKMARK [1][]{section.4.4}{Solving the SVM problem}{chapter.4}% 27
\BOOKMARK [1][]{section.4.5}{Definition of the dissimilarity measure}{chapter.4}% 28
\BOOKMARK [1][]{section.4.6}{Extension to regression problem}{chapter.4}% 29
\BOOKMARK [1][]{section.4.7}{Extension to multivariate problem}{chapter.4}% 30
\BOOKMARK [0][]{chapter.5}{M2TML: Experiments}{part.2}% 31
\BOOKMARK [1][]{section.5.1}{Dataset presentation}{chapter.5}% 32
\BOOKMARK [1][]{section.5.2}{Experimental protocol}{chapter.5}% 33
\BOOKMARK [1][]{section.5.3}{Results}{chapter.5}% 34
\BOOKMARK [1][]{section.5.4}{Discussion}{chapter.5}% 35
\BOOKMARK [0][]{chapter*.50}{Conclusion}{part.2}% 36
\BOOKMARK [0][]{appendix.A}{Detailed presentation of the datasets}{part.2}% 37
\BOOKMARK [0][]{appendix.B}{Solver library}{part.2}% 38
\BOOKMARK [0][]{appendix.C}{SVM librairy}{part.2}% 39
\BOOKMARK [0][]{appendix*.51}{Bibliographie}{part.2}% 40
